2019-06-14 17:09:45.918 [main] INFO  o.s.c.a.AnnotationConfigApplicationContext
				-Refreshing org.springframework.context.annotation.AnnotationConfigApplicationContext@31e5415e: startup date [Fri Jun 14 17:09:45 GMT+08:00 2019]; root of context hierarchy
2019-06-14 17:09:46.357 [main] INFO  o.s.b.f.a.AutowiredAnnotationBeanPostProcessor
				-JSR-330 'javax.inject.Inject' annotation found and supported for autowiring
2019-06-14 17:09:46.450 [main] INFO  o.s.c.s.PostProcessorRegistrationDelegate$BeanPostProcessorChecker
				-Bean 'configurationPropertiesRebinderAutoConfiguration' of type [org.springframework.cloud.autoconfigure.ConfigurationPropertiesRebinderAutoConfiguration$$EnhancerBySpringCGLIB$$307fd347] is not eligible for getting processed by all BeanPostProcessors (for example: not eligible for auto-proxying)
2019-06-14 17:09:47.623 [main] INFO  o.s.c.c.c.ConfigServicePropertySourceLocator
				-Fetching config from server at : http://localhost:8888
2019-06-14 17:09:48.922 [main] INFO  o.s.c.c.c.ConfigServicePropertySourceLocator
				-Connect Timeout Exception on Url - http://localhost:8888. Will be trying the next url if available
2019-06-14 17:09:48.924 [main] WARN  o.s.c.c.c.ConfigServicePropertySourceLocator
				-Could not locate PropertySource: I/O error on GET request for "http://localhost:8888/eureka-server/default": Connection refused: connect; nested exception is java.net.ConnectException: Connection refused: connect
2019-06-14 17:09:48.929 [main] INFO  e.server.EurekaServerApplication
				-No active profile set, falling back to default profiles: default
2019-06-14 17:09:48.999 [main] INFO  o.s.b.w.s.c.AnnotationConfigServletWebServerApplicationContext
				-Refreshing org.springframework.boot.web.servlet.context.AnnotationConfigServletWebServerApplicationContext@2dcd168a: startup date [Fri Jun 14 17:09:48 GMT+08:00 2019]; parent: org.springframework.context.annotation.AnnotationConfigApplicationContext@31e5415e
2019-06-14 17:09:51.314 [main] INFO  o.s.cloud.context.scope.GenericScope
				-BeanFactory id=7c60addf-d57f-356f-b8c1-b8304f19cacb
2019-06-14 17:09:51.338 [main] INFO  o.s.b.f.a.AutowiredAnnotationBeanPostProcessor
				-JSR-330 'javax.inject.Inject' annotation found and supported for autowiring
2019-06-14 17:09:51.487 [main] INFO  o.s.c.s.PostProcessorRegistrationDelegate$BeanPostProcessorChecker
				-Bean 'org.springframework.cloud.autoconfigure.ConfigurationPropertiesRebinderAutoConfiguration' of type [org.springframework.cloud.autoconfigure.ConfigurationPropertiesRebinderAutoConfiguration$$EnhancerBySpringCGLIB$$307fd347] is not eligible for getting processed by all BeanPostProcessors (for example: not eligible for auto-proxying)
2019-06-14 17:09:52.335 [main] INFO  o.s.b.w.e.tomcat.TomcatWebServer
				-Tomcat initialized with port(s): 8761 (http)
2019-06-14 17:09:52.408 [main] INFO  o.a.coyote.http11.Http11NioProtocol
				-Initializing ProtocolHandler ["http-nio-8761"]
2019-06-14 17:09:52.430 [main] INFO  o.a.catalina.core.StandardService
				-Starting service [Tomcat]
2019-06-14 17:09:52.430 [main] INFO  o.a.catalina.core.StandardEngine
				-Starting Servlet Engine: Apache Tomcat/8.5.31
2019-06-14 17:09:52.510 [localhost-startStop-1] INFO  o.a.c.core.AprLifecycleListener
				-The APR based Apache Tomcat Native library which allows optimal performance in production environments was not found on the java.library.path: [D:\Java\jdk1.8.0_131\bin;C:\Windows\Sun\Java\bin;C:\Windows\system32;C:\Windows;D:\NetSarang\Xftp 6\;D:\mingw-w64\x86_64-8.1.0-posix-seh-rt_v6-rev0\mingw64\bin;E:\curl-7.64.0-win64-mingw\bin;D:\NetSarang\Xshell 6\;D:\MongoDB\3.4\bin;D:\Python3.7.2rc1\Scripts\;D:\Python3.7.2rc1\;C:\ProgramData\Oracle\Java\javapath;C:\Windows\system32;C:\Windows;C:\Windows\System32\Wbem;C:\Windows\System32\WindowsPowerShell\v1.0\;E:\开源相关\jvmstat-3_0\bat;D:\Java\jdk1.8.0_131\bin;E:\apache-maven-3.5.3\bin;D:\go\bin;E:\GO\bin;D:\Geth;D:\nodejs\;C:\Program Files (x86)\Windows Kits\8.1\Windows Performance Toolkit\;D:\Git\cmd;C:\Program Files (x86)\NVIDIA Corporation\PhysX\Common;C:\Users\Administrator\AppData\Roaming\npm;D:\JetBrains\PyCharm 2018.3.2\bin;;D:\Docker Toolbox;.]
2019-06-14 17:09:52.964 [localhost-startStop-1] INFO  o.a.c.c.C.[Tomcat].[localhost].[/]
				-Initializing Spring embedded WebApplicationContext
2019-06-14 17:09:52.964 [localhost-startStop-1] INFO  o.s.web.context.ContextLoader
				-Root WebApplicationContext: initialization completed in 3965 ms
2019-06-14 17:09:55.901 [localhost-startStop-1] INFO  o.s.b.w.s.FilterRegistrationBean
				-Mapping filter: 'characterEncodingFilter' to: [/*]
2019-06-14 17:09:55.902 [localhost-startStop-1] INFO  o.s.b.w.s.FilterRegistrationBean
				-Mapping filter: 'hiddenHttpMethodFilter' to: [/*]
2019-06-14 17:09:55.902 [localhost-startStop-1] INFO  o.s.b.w.s.FilterRegistrationBean
				-Mapping filter: 'httpPutFormContentFilter' to: [/*]
2019-06-14 17:09:55.902 [localhost-startStop-1] INFO  o.s.b.w.s.FilterRegistrationBean
				-Mapping filter: 'requestContextFilter' to: [/*]
2019-06-14 17:09:55.903 [localhost-startStop-1] INFO  o.s.b.w.s.FilterRegistrationBean
				-Mapping filter: 'httpTraceFilter' to: [/*]
2019-06-14 17:09:55.903 [localhost-startStop-1] INFO  o.s.b.w.s.FilterRegistrationBean
				-Mapping filter: 'webMvcMetricsFilter' to: [/*]
2019-06-14 17:09:55.903 [localhost-startStop-1] INFO  o.s.b.w.s.FilterRegistrationBean
				-Mapping filter: 'servletContainer' to urls: [/eureka/*]
2019-06-14 17:09:55.903 [localhost-startStop-1] INFO  o.s.b.w.s.ServletRegistrationBean
				-Servlet dispatcherServlet mapped to [/]
2019-06-14 17:09:56.197 [localhost-startStop-1] INFO  c.s.j.s.i.a.WebApplicationImpl
				-Initiating Jersey application, version 'Jersey: 1.19.1 03/11/2016 02:08 PM'
2019-06-14 17:09:56.593 [localhost-startStop-1] INFO  c.n.d.p.DiscoveryJerseyProvider
				-Using JSON encoding codec LegacyJacksonJson
2019-06-14 17:09:56.595 [localhost-startStop-1] INFO  c.n.d.p.DiscoveryJerseyProvider
				-Using JSON decoding codec LegacyJacksonJson
2019-06-14 17:09:57.034 [localhost-startStop-1] INFO  c.n.d.p.DiscoveryJerseyProvider
				-Using XML encoding codec XStreamXml
2019-06-14 17:09:57.035 [localhost-startStop-1] INFO  c.n.d.p.DiscoveryJerseyProvider
				-Using XML decoding codec XStreamXml
2019-06-14 17:09:57.911 [main] INFO  o.s.w.s.h.SimpleUrlHandlerMapping
				-Mapped URL path [/**/favicon.ico] onto handler of type [class org.springframework.web.servlet.resource.ResourceHttpRequestHandler]
2019-06-14 17:09:58.374 [main] INFO  o.s.w.s.m.m.a.RequestMappingHandlerAdapter
				-Looking for @ControllerAdvice: org.springframework.boot.web.servlet.context.AnnotationConfigServletWebServerApplicationContext@2dcd168a: startup date [Fri Jun 14 17:09:48 GMT+08:00 2019]; parent: org.springframework.context.annotation.AnnotationConfigApplicationContext@31e5415e
2019-06-14 17:09:58.647 [main] INFO  o.s.w.s.m.m.a.RequestMappingHandlerMapping
				-Mapped "{[/error]}" onto public org.springframework.http.ResponseEntity<java.util.Map<java.lang.String, java.lang.Object>> org.springframework.boot.autoconfigure.web.servlet.error.BasicErrorController.error(javax.servlet.http.HttpServletRequest)
2019-06-14 17:09:58.649 [main] INFO  o.s.w.s.m.m.a.RequestMappingHandlerMapping
				-Mapped "{[/error],produces=[text/html]}" onto public org.springframework.web.servlet.ModelAndView org.springframework.boot.autoconfigure.web.servlet.error.BasicErrorController.errorHtml(javax.servlet.http.HttpServletRequest,javax.servlet.http.HttpServletResponse)
2019-06-14 17:09:58.665 [main] INFO  o.s.w.s.m.m.a.RequestMappingHandlerMapping
				-Mapped "{[/],methods=[GET]}" onto public java.lang.String org.springframework.cloud.netflix.eureka.server.EurekaController.status(javax.servlet.http.HttpServletRequest,java.util.Map<java.lang.String, java.lang.Object>)
2019-06-14 17:09:58.665 [main] INFO  o.s.w.s.m.m.a.RequestMappingHandlerMapping
				-Mapped "{[/lastn],methods=[GET]}" onto public java.lang.String org.springframework.cloud.netflix.eureka.server.EurekaController.lastn(javax.servlet.http.HttpServletRequest,java.util.Map<java.lang.String, java.lang.Object>)
2019-06-14 17:09:58.716 [main] INFO  o.s.w.s.h.SimpleUrlHandlerMapping
				-Mapped URL path [/webjars/**] onto handler of type [class org.springframework.web.servlet.resource.ResourceHttpRequestHandler]
2019-06-14 17:09:58.717 [main] INFO  o.s.w.s.h.SimpleUrlHandlerMapping
				-Mapped URL path [/**] onto handler of type [class org.springframework.web.servlet.resource.ResourceHttpRequestHandler]
2019-06-14 17:09:59.710 [main] INFO  o.s.u.f.SpringTemplateLoader
				-SpringTemplateLoader for FreeMarker: using resource loader [org.springframework.boot.web.servlet.context.AnnotationConfigServletWebServerApplicationContext@2dcd168a: startup date [Fri Jun 14 17:09:48 GMT+08:00 2019]; parent: org.springframework.context.annotation.AnnotationConfigApplicationContext@31e5415e] and template loader path [classpath:/templates/]
2019-06-14 17:09:59.712 [main] INFO  o.s.w.s.v.f.FreeMarkerConfigurer
				-ClassTemplateLoader for Spring macros added to FreeMarker configuration
2019-06-14 17:10:00.062 [main] INFO  o.s.c.n.eureka.InstanceInfoFactory
				-Setting initial instance status as: STARTING
2019-06-14 17:10:00.167 [main] INFO  c.netflix.discovery.DiscoveryClient
				-Initializing Eureka in region us-east-1
2019-06-14 17:10:00.167 [main] INFO  c.netflix.discovery.DiscoveryClient
				-Client configured to neither register nor query for data.
2019-06-14 17:10:00.219 [main] INFO  c.netflix.discovery.DiscoveryClient
				-Discovery Client initialized at timestamp 1560503400199 with initial instances count: 0
2019-06-14 17:10:00.317 [main] INFO  c.n.e.DefaultEurekaServerContext
				-Initializing ...
2019-06-14 17:10:00.319 [main] WARN  c.n.eureka.cluster.PeerEurekaNodes
				-The replica size seems to be empty. Check the route 53 DNS Registry
2019-06-14 17:10:00.340 [main] INFO  c.n.e.r.AbstractInstanceRegistry
				-Finished initializing remote region registries. All known remote regions: []
2019-06-14 17:10:00.341 [main] INFO  c.n.e.DefaultEurekaServerContext
				-Initialized
2019-06-14 17:10:00.360 [main] INFO  o.s.b.a.e.web.EndpointLinksResolver
				-Exposing 2 endpoint(s) beneath base path '/actuator'
2019-06-14 17:10:00.378 [main] INFO  o.s.b.a.e.w.s.WebMvcEndpointHandlerMapping
				-Mapped "{[/actuator/health],methods=[GET],produces=[application/vnd.spring-boot.actuator.v2+json || application/json]}" onto public java.lang.Object org.springframework.boot.actuate.endpoint.web.servlet.AbstractWebMvcEndpointHandlerMapping$OperationHandler.handle(javax.servlet.http.HttpServletRequest,java.util.Map<java.lang.String, java.lang.String>)
2019-06-14 17:10:00.380 [main] INFO  o.s.b.a.e.w.s.WebMvcEndpointHandlerMapping
				-Mapped "{[/actuator/info],methods=[GET],produces=[application/vnd.spring-boot.actuator.v2+json || application/json]}" onto public java.lang.Object org.springframework.boot.actuate.endpoint.web.servlet.AbstractWebMvcEndpointHandlerMapping$OperationHandler.handle(javax.servlet.http.HttpServletRequest,java.util.Map<java.lang.String, java.lang.String>)
2019-06-14 17:10:00.381 [main] INFO  o.s.b.a.e.w.s.WebMvcEndpointHandlerMapping
				-Mapped "{[/actuator],methods=[GET],produces=[application/vnd.spring-boot.actuator.v2+json || application/json]}" onto protected java.util.Map<java.lang.String, java.util.Map<java.lang.String, org.springframework.boot.actuate.endpoint.web.Link>> org.springframework.boot.actuate.endpoint.web.servlet.WebMvcEndpointHandlerMapping.links(javax.servlet.http.HttpServletRequest,javax.servlet.http.HttpServletResponse)
2019-06-14 17:10:00.466 [main] INFO  o.s.j.e.a.AnnotationMBeanExporter
				-Registering beans for JMX exposure on startup
2019-06-14 17:10:00.482 [main] INFO  o.s.j.e.a.AnnotationMBeanExporter
				-Bean with name 'environmentManager' has been autodetected for JMX exposure
2019-06-14 17:10:00.486 [main] INFO  o.s.j.e.a.AnnotationMBeanExporter
				-Bean with name 'configurationPropertiesRebinder' has been autodetected for JMX exposure
2019-06-14 17:10:00.487 [main] INFO  o.s.j.e.a.AnnotationMBeanExporter
				-Bean with name 'refreshScope' has been autodetected for JMX exposure
2019-06-14 17:10:00.491 [main] INFO  o.s.j.e.a.AnnotationMBeanExporter
				-Located managed bean 'environmentManager': registering with JMX server as MBean [org.springframework.cloud.context.environment:name=environmentManager,type=EnvironmentManager]
2019-06-14 17:10:00.505 [main] INFO  o.s.j.e.a.AnnotationMBeanExporter
				-Located managed bean 'refreshScope': registering with JMX server as MBean [org.springframework.cloud.context.scope.refresh:name=refreshScope,type=RefreshScope]
2019-06-14 17:10:00.520 [main] INFO  o.s.j.e.a.AnnotationMBeanExporter
				-Located managed bean 'configurationPropertiesRebinder': registering with JMX server as MBean [org.springframework.cloud.context.properties:name=configurationPropertiesRebinder,context=2dcd168a,type=ConfigurationPropertiesRebinder]
2019-06-14 17:10:00.541 [main] INFO  o.s.c.s.DefaultLifecycleProcessor
				-Starting beans in phase 0
2019-06-14 17:10:00.548 [main] INFO  o.s.c.n.e.s.EurekaServiceRegistry
				-Registering application EUREKA-SERVER with eureka with status UP
2019-06-14 17:10:00.553 [Thread-53] INFO  o.s.c.n.e.s.EurekaServerBootstrap
				-Setting the eureka configuration..
2019-06-14 17:10:00.570 [Thread-53] WARN  c.n.c.sources.URLConfigurationSource
				-No URLs will be polled as dynamic configuration sources.
2019-06-14 17:10:00.570 [Thread-53] INFO  c.n.c.sources.URLConfigurationSource
				-To enable URLs as dynamic configuration sources, define System property archaius.configurationSource.additionalUrls or make config.properties available on classpath.
2019-06-14 17:10:00.574 [main] INFO  o.a.coyote.http11.Http11NioProtocol
				-Starting ProtocolHandler ["http-nio-8761"]
2019-06-14 17:10:00.575 [Thread-53] INFO  o.s.c.n.e.s.EurekaServerBootstrap
				-Eureka data center value eureka.datacenter is not set, defaulting to default
2019-06-14 17:10:00.576 [Thread-53] INFO  o.s.c.n.e.s.EurekaServerBootstrap
				-Eureka environment value eureka.environment is not set, defaulting to test
2019-06-14 17:10:00.595 [Thread-53] INFO  o.s.c.n.e.s.EurekaServerBootstrap
				-isAws returned false
2019-06-14 17:10:00.596 [Thread-53] INFO  o.s.c.n.e.s.EurekaServerBootstrap
				-Initialized server context
2019-06-14 17:10:00.596 [Thread-53] INFO  c.n.e.r.PeerAwareInstanceRegistryImpl
				-Got 1 instances from neighboring DS node
2019-06-14 17:10:00.596 [Thread-53] INFO  c.n.e.r.PeerAwareInstanceRegistryImpl
				-Renew threshold is: 1
2019-06-14 17:10:00.596 [Thread-53] INFO  c.n.e.r.PeerAwareInstanceRegistryImpl
				-Changing status to UP
2019-06-14 17:10:00.598 [main] INFO  o.a.tomcat.util.net.NioSelectorPool
				-Using a shared selector for servlet write/read
2019-06-14 17:10:00.613 [Thread-53] INFO  o.s.c.n.e.s.EurekaServerInitializerConfiguration
				-Started Eureka Server
2019-06-14 17:10:00.649 [main] INFO  o.s.b.w.e.tomcat.TomcatWebServer
				-Tomcat started on port(s): 8761 (http) with context path ''
2019-06-14 17:10:00.651 [main] INFO  o.s.c.n.e.s.EurekaAutoServiceRegistration
				-Updating port to 8761
2019-06-14 17:10:00.709 [main] INFO  e.server.EurekaServerApplication
				-Started EurekaServerApplication in 20.234 seconds (JVM running for 31.19)
2019-06-14 17:10:01.499 [RMI TCP Connection(7)-127.0.0.1] INFO  o.s.c.c.c.ConfigServicePropertySourceLocator
				-Fetching config from server at : http://localhost:8888
2019-06-14 17:10:01.648 [RMI TCP Connection(4)-127.0.0.1] INFO  o.a.c.c.C.[Tomcat].[localhost].[/]
				-Initializing Spring FrameworkServlet 'dispatcherServlet'
2019-06-14 17:10:01.649 [RMI TCP Connection(4)-127.0.0.1] INFO  o.s.web.servlet.DispatcherServlet
				-FrameworkServlet 'dispatcherServlet': initialization started
2019-06-14 17:10:01.683 [RMI TCP Connection(4)-127.0.0.1] INFO  o.s.web.servlet.DispatcherServlet
				-FrameworkServlet 'dispatcherServlet': initialization completed in 34 ms
2019-06-14 17:10:02.555 [RMI TCP Connection(7)-127.0.0.1] INFO  o.s.c.c.c.ConfigServicePropertySourceLocator
				-Connect Timeout Exception on Url - http://localhost:8888. Will be trying the next url if available
2019-06-14 17:10:02.555 [RMI TCP Connection(7)-127.0.0.1] WARN  o.s.c.c.c.ConfigServicePropertySourceLocator
				-Could not locate PropertySource: I/O error on GET request for "http://localhost:8888/eureka-server/default": Connection refused: connect; nested exception is java.net.ConnectException: Connection refused: connect
2019-06-14 17:10:02.746 [http-nio-8761-exec-2] INFO  c.n.e.r.AbstractInstanceRegistry
				-Registered instance FEIGN-SERVER/DELL.lan:feign-server:8012 with status UP (replication=false)
2019-06-14 17:11:00.599 [Eureka-EvictionTimer] INFO  c.n.e.r.AbstractInstanceRegistry
				-Running the evict task with compensationTime 0ms
2019-06-14 17:11:06.290 [http-nio-8761-exec-8] INFO  c.n.e.r.AbstractInstanceRegistry
				-Registered instance HYSTRIX-DASHBOARD/DELL.lan:hystrix-dashboard:9000 with status UP (replication=false)
2019-06-14 17:12:00.600 [Eureka-EvictionTimer] INFO  c.n.e.r.AbstractInstanceRegistry
				-Running the evict task with compensationTime 0ms
2019-06-14 17:13:00.600 [Eureka-EvictionTimer] INFO  c.n.e.r.AbstractInstanceRegistry
				-Running the evict task with compensationTime 0ms
2019-06-14 17:14:00.600 [Eureka-EvictionTimer] INFO  c.n.e.r.AbstractInstanceRegistry
				-Running the evict task with compensationTime 0ms
2019-06-14 17:15:00.601 [Eureka-EvictionTimer] INFO  c.n.e.r.AbstractInstanceRegistry
				-Running the evict task with compensationTime 0ms
2019-06-14 17:16:00.601 [Eureka-EvictionTimer] INFO  c.n.e.r.AbstractInstanceRegistry
				-Running the evict task with compensationTime 0ms
2019-06-14 17:17:00.602 [Eureka-EvictionTimer] INFO  c.n.e.r.AbstractInstanceRegistry
				-Running the evict task with compensationTime 0ms
2019-06-14 17:18:00.602 [Eureka-EvictionTimer] INFO  c.n.e.r.AbstractInstanceRegistry
				-Running the evict task with compensationTime 0ms
2019-06-14 17:19:00.603 [Eureka-EvictionTimer] INFO  c.n.e.r.AbstractInstanceRegistry
				-Running the evict task with compensationTime 0ms
2019-06-14 17:20:00.334 [Eureka-PeerNodesUpdater] WARN  c.n.eureka.cluster.PeerEurekaNodes
				-The replica size seems to be empty. Check the route 53 DNS Registry
2019-06-14 17:20:00.603 [Eureka-EvictionTimer] INFO  c.n.e.r.AbstractInstanceRegistry
				-Running the evict task with compensationTime 0ms
2019-06-14 17:21:00.603 [Eureka-EvictionTimer] INFO  c.n.e.r.AbstractInstanceRegistry
				-Running the evict task with compensationTime 19ms
2019-06-14 17:22:00.604 [Eureka-EvictionTimer] INFO  c.n.e.r.AbstractInstanceRegistry
				-Running the evict task with compensationTime 9ms
2019-06-14 17:23:00.604 [Eureka-EvictionTimer] INFO  c.n.e.r.AbstractInstanceRegistry
				-Running the evict task with compensationTime 0ms
2019-06-14 17:24:00.605 [Eureka-EvictionTimer] INFO  c.n.e.r.AbstractInstanceRegistry
				-Running the evict task with compensationTime 0ms
2019-06-14 17:25:00.340 [ReplicaAwareInstanceRegistry - RenewalThresholdUpdater] INFO  c.n.e.r.PeerAwareInstanceRegistryImpl
				-Current renewal threshold is : 0
2019-06-14 17:25:00.605 [Eureka-EvictionTimer] INFO  c.n.e.r.AbstractInstanceRegistry
				-Running the evict task with compensationTime 0ms
2019-06-14 17:26:00.606 [Eureka-EvictionTimer] INFO  c.n.e.r.AbstractInstanceRegistry
				-Running the evict task with compensationTime 0ms
