2019-04-24 18:36:22.685 [main] ERROR o.a.catalina.core.StandardService
				-Failed to start connector [Connector[HTTP/1.1-8761]]
org.apache.catalina.LifecycleException: Failed to start component [Connector[HTTP/1.1-8761]]
	at org.apache.catalina.util.LifecycleBase.start(LifecycleBase.java:167)
	at org.apache.catalina.core.StandardService.addConnector(StandardService.java:225)
	at org.springframework.boot.web.embedded.tomcat.TomcatWebServer.addPreviouslyRemovedConnectors(TomcatWebServer.java:256)
	at org.springframework.boot.web.embedded.tomcat.TomcatWebServer.start(TomcatWebServer.java:198)
	at org.springframework.boot.web.servlet.context.ServletWebServerApplicationContext.startWebServer(ServletWebServerApplicationContext.java:300)
	at org.springframework.boot.web.servlet.context.ServletWebServerApplicationContext.finishRefresh(ServletWebServerApplicationContext.java:162)
	at org.springframework.context.support.AbstractApplicationContext.refresh(AbstractApplicationContext.java:553)
	at org.springframework.boot.web.servlet.context.ServletWebServerApplicationContext.refresh(ServletWebServerApplicationContext.java:140)
	at org.springframework.boot.SpringApplication.refresh(SpringApplication.java:759)
	at org.springframework.boot.SpringApplication.refreshContext(SpringApplication.java:395)
	at org.springframework.boot.SpringApplication.run(SpringApplication.java:327)
	at org.springframework.boot.SpringApplication.run(SpringApplication.java:1255)
	at org.springframework.boot.SpringApplication.run(SpringApplication.java:1243)
	at eureka.server.EurekaServerApplication.main(EurekaServerApplication.java:13)
Caused by: org.apache.catalina.LifecycleException: Protocol handler start failed
	at org.apache.catalina.connector.Connector.startInternal(Connector.java:1020)
	at org.apache.catalina.util.LifecycleBase.start(LifecycleBase.java:150)
	... 13 common frames omitted
Caused by: java.net.BindException: Address already in use: bind
	at sun.nio.ch.Net.bind0(Native Method)
	at sun.nio.ch.Net.bind(Net.java:433)
	at sun.nio.ch.Net.bind(Net.java:425)
	at sun.nio.ch.ServerSocketChannelImpl.bind(ServerSocketChannelImpl.java:223)
	at sun.nio.ch.ServerSocketAdaptor.bind(ServerSocketAdaptor.java:74)
	at org.apache.tomcat.util.net.NioEndpoint.bind(NioEndpoint.java:210)
	at org.apache.tomcat.util.net.AbstractEndpoint.start(AbstractEndpoint.java:1150)
	at org.apache.coyote.AbstractProtocol.start(AbstractProtocol.java:591)
	at org.apache.catalina.connector.Connector.startInternal(Connector.java:1018)
	... 14 common frames omitted
2019-04-24 18:36:23.113 [main] ERROR o.s.b.d.LoggingFailureAnalysisReporter
				-

***************************
APPLICATION FAILED TO START
***************************

Description:

The Tomcat connector configured to listen on port 8761 failed to start. The port may already be in use or the connector may be misconfigured.

Action:

Verify the connector's configuration, identify and stop any process that's listening on port 8761, or configure this application to listen on another port.

2019-04-24 18:36:23.202 [Thread-37] ERROR o.s.c.n.e.s.EurekaServerBootstrap
				-Cannot bootstrap eureka server :
java.lang.IllegalStateException: Timer already cancelled.
	at java.util.Timer.sched(Timer.java:397)
	at java.util.Timer.schedule(Timer.java:248)
	at com.netflix.eureka.registry.AbstractInstanceRegistry.postInit(AbstractInstanceRegistry.java:1219)
	at com.netflix.eureka.registry.PeerAwareInstanceRegistryImpl.openForTraffic(PeerAwareInstanceRegistryImpl.java:256)
	at org.springframework.cloud.netflix.eureka.server.InstanceRegistry.openForTraffic(InstanceRegistry.java:79)
	at org.springframework.cloud.netflix.eureka.server.EurekaServerBootstrap.initEurekaServerContext(EurekaServerBootstrap.java:156)
	at org.springframework.cloud.netflix.eureka.server.EurekaServerBootstrap.contextInitialized(EurekaServerBootstrap.java:83)
	at org.springframework.cloud.netflix.eureka.server.EurekaServerInitializerConfiguration$1.run(EurekaServerInitializerConfiguration.java:71)
	at java.lang.Thread.run(Thread.java:748)
2019-04-24 18:36:23.203 [Thread-37] ERROR o.s.c.n.e.s.EurekaServerInitializerConfiguration
				-Could not initialize Eureka servlet context
java.lang.RuntimeException: Cannot bootstrap eureka server :
	at org.springframework.cloud.netflix.eureka.server.EurekaServerBootstrap.contextInitialized(EurekaServerBootstrap.java:89)
	at org.springframework.cloud.netflix.eureka.server.EurekaServerInitializerConfiguration$1.run(EurekaServerInitializerConfiguration.java:71)
	at java.lang.Thread.run(Thread.java:748)
Caused by: java.lang.IllegalStateException: Timer already cancelled.
	at java.util.Timer.sched(Timer.java:397)
	at java.util.Timer.schedule(Timer.java:248)
	at com.netflix.eureka.registry.AbstractInstanceRegistry.postInit(AbstractInstanceRegistry.java:1219)
	at com.netflix.eureka.registry.PeerAwareInstanceRegistryImpl.openForTraffic(PeerAwareInstanceRegistryImpl.java:256)
	at org.springframework.cloud.netflix.eureka.server.InstanceRegistry.openForTraffic(InstanceRegistry.java:79)
	at org.springframework.cloud.netflix.eureka.server.EurekaServerBootstrap.initEurekaServerContext(EurekaServerBootstrap.java:156)
	at org.springframework.cloud.netflix.eureka.server.EurekaServerBootstrap.contextInitialized(EurekaServerBootstrap.java:83)
	... 2 common frames omitted
